**** Incremental Build [Thu, 22 Aug 2019 14:06:51] ****
 Project: Equalizer
 Configuration: hifi3_bd5
 Build Target: Debug
********************************

"C:\\usr\\xtensa\\XtDevTools\\install\\tools\\RI-2019.1-win32\\XtensaTools\\bin\\xt-xcc" -c -g -O0 -OPT:Olimit=0 -fmessage-length=0 -I "\"C:/usr/xtensa/Xplorer-8.0.10-workspaces/workspace/Task7_AE\"" -I "\"C:/usr/xtensa/Xplorer-8.0.10-workspaces/workspace/Test_AE\"" -I "\"C:/usr/xtensa/Xplorer-8.0.10-workspaces/workspace/Task7_AE\"" -I "\"C:/usr/xtensa/Xplorer-8.0.10-workspaces/workspace/Equalizer\"" -DPROC_hifi3_bd5 -DCONFIG_hifi3_bd5 --xtensa-system=C:/usr/xtensa/XtDevTools/install/builds/RI-2019.1-win32/hifi3_bd5/config --xtensa-core=hifi3_bd5 --xtensa-params= "\"C:/usr/xtensa/Xplorer-8.0.10-workspaces/workspace/Equalizer/EQ.c\"" -o "\"C:/usr/xtensa/Xplorer-8.0.10-workspaces/workspace/Equalizer/bin/hifi3_bd5/Debug/EQ.o\"" 
Time taken: 1637 ms 

"C:\\usr\\xtensa\\XtDevTools\\install\\tools\\RI-2019.1-win32\\XtensaTools\\bin\\xt-xcc" -c -g -O0 -OPT:Olimit=0 -fmessage-length=0 -I "\"C:/usr/xtensa/Xplorer-8.0.10-workspaces/workspace/Task7_AE\"" -I "\"C:/usr/xtensa/Xplorer-8.0.10-workspaces/workspace/Test_AE\"" -I "\"C:/usr/xtensa/Xplorer-8.0.10-workspaces/workspace/Task7_AE\"" -I "\"C:/usr/xtensa/Xplorer-8.0.10-workspaces/workspace/Equalizer\"" -DPROC_hifi3_bd5 -DCONFIG_hifi3_bd5 --xtensa-system=C:/usr/xtensa/XtDevTools/install/builds/RI-2019.1-win32/hifi3_bd5/config --xtensa-core=hifi3_bd5 --xtensa-params= "\"C:/usr/xtensa/Xplorer-8.0.10-workspaces/workspace/Equalizer/main.c\"" -o "\"C:/usr/xtensa/Xplorer-8.0.10-workspaces/workspace/Equalizer/bin/hifi3_bd5/Debug/main.o\"" 
Time taken: 1626 ms 

"C:\\usr\\xtensa\\XtDevTools\\install\\tools\\RI-2019.1-win32\\XtensaTools\\bin\\xt-xc++" -Wl,@C:/usr/xtensa/Xplorer-8.0.10-workspaces/workspace/Equalizer/bin/hifi3_bd5/Debug/objfiles.list -o C:/usr/xtensa/Xplorer-8.0.10-workspaces/workspace/Equalizer/bin/hifi3_bd5/Debug/Equalizer.minsize -mlsp=sim -Wl,-r -nostdlib --xtensa-system=C:/usr/xtensa/XtDevTools/install/builds/RI-2019.1-win32/hifi3_bd5/config --xtensa-core=hifi3_bd5 --xtensa-params= 
Time taken: 432 ms 

"C:\\usr\\xtensa\\XtDevTools\\install\\tools\\RI-2019.1-win32\\XtensaTools\\bin\\xt-xc++" -Wl,@C:/usr/xtensa/Xplorer-8.0.10-workspaces/workspace/Equalizer/bin/hifi3_bd5/Debug/objfiles.list -o C:/usr/xtensa/Xplorer-8.0.10-workspaces/workspace/Equalizer/bin/hifi3_bd5/Debug/Equalizer -mlsp=sim --xtensa-system=C:/usr/xtensa/XtDevTools/install/builds/RI-2019.1-win32/hifi3_bd5/config --xtensa-core=hifi3_bd5 --xtensa-params= 
Time taken: 653 ms 

******* Code size summary *****

"C:\\usr\\xtensa\\XtDevTools\\install\\tools\\RI-2019.1-win32\\XtensaTools\\bin\\xt-size" -C C:/usr/xtensa/Xplorer-8.0.10-workspaces/workspace/Equalizer/bin/hifi3_bd5/Debug/Equalizer 
TYPE   	   text	 rodata	   data	    bss	    dec    hex	filename
code   	  40043	      0	      0	      0	  40043	   9c6b	C:/usr/xtensa/Xplorer-8.0.10-workspaces/workspace/Equalizer/bin/hifi3_bd5/Debug/Equalizer
literal	   1064	      0	      0	      0	   1064	    428	C:/usr/xtensa/Xplorer-8.0.10-workspaces/workspace/Equalizer/bin/hifi3_bd5/Debug/Equalizer
other  	   1085	   3832	    904	   1144	   6965	   1b35	C:/usr/xtensa/Xplorer-8.0.10-workspaces/workspace/Equalizer/bin/hifi3_bd5/Debug/Equalizer
Total  	  42192	   3832	    904	   1144	  48072	   bbc8	C:/usr/xtensa/Xplorer-8.0.10-workspaces/workspace/Equalizer/bin/hifi3_bd5/Debug/Equalizer

Time taken: 434 ms 

******* ************** *****

Build successful !!
Total time taken: 3.463 secs
**** Build Finished [Thu, 22 Aug 2019 14:06:54] ****
